<?xml version="1.0" encoding="UTF-8"?>
<testng-results ignored="0" total="1" passed="1" failed="0" skipped="0">
  <reporter-output>
  </reporter-output>
  <suite started-at="2022-12-24T18:56:19Z" name="Surefire suite" finished-at="2022-12-24T18:56:19Z" duration-ms="27">
    <groups>
    </groups>
    <test started-at="2022-12-24T18:56:19Z" name="Surefire test" finished-at="2022-12-24T18:56:19Z" duration-ms="27">
      <class name="RunOnCloud.RunOnCloud.AppTest">
        <test-method signature="shouldAnswerWithTrue()" started-at="2022-12-24T18:56:19Z" name="shouldAnswerWithTrue" finished-at="2022-12-24T18:56:19Z" duration-ms="4" status="PASS">
          <reporter-output>
          </reporter-output>
        </test-method> <!-- shouldAnswerWithTrue -->
      </class> <!-- RunOnCloud.RunOnCloud.AppTest -->
    </test> <!-- Surefire test -->
  </suite> <!-- Surefire suite -->
</testng-results>
