<?xml version="1.0" encoding="UTF-8"?>
<testng-results ignored="0" total="1" passed="1" failed="0" skipped="0">
  <reporter-output>
  </reporter-output>
  <suite started-at="2022-12-24T18:56:11Z" name="Surefire suite" finished-at="2022-12-24T18:56:19Z" duration-ms="8158">
    <groups>
    </groups>
    <test started-at="2022-12-24T18:56:11Z" name="Surefire test" finished-at="2022-12-24T18:56:19Z" duration-ms="8158">
      <class name="cloudsession.TestThisFile">
        <test-method signature="runThisOnJenkins()[pri:0, instance:cloudsession.TestThisFile@1aafa419]" started-at="2022-12-24T18:56:11Z" name="runThisOnJenkins" finished-at="2022-12-24T18:56:19Z" duration-ms="8143" status="PASS">
          <reporter-output>
          </reporter-output>
        </test-method> <!-- runThisOnJenkins -->
      </class> <!-- cloudsession.TestThisFile -->
    </test> <!-- Surefire test -->
  </suite> <!-- Surefire suite -->
</testng-results>
