<?xml version="1.0" encoding="UTF-8"?>
<testng-results ignored="0" total="1" passed="1" failed="0" skipped="0">
  <reporter-output>
  </reporter-output>
  <suite started-at="2022-12-25T00:23:14 IST" name="Suite" finished-at="2022-12-25T00:23:22 IST" duration-ms="8056">
    <groups>
    </groups>
    <test started-at="2022-12-25T00:23:14 IST" name="Test" finished-at="2022-12-25T00:23:22 IST" duration-ms="8056">
      <class name="cloudsession.TestThisFile">
        <test-method signature="runThisOnJenkins()[pri:0, instance:cloudsession.TestThisFile@28f2a10f]" started-at="2022-12-25T00:23:14 IST" name="runThisOnJenkins" finished-at="2022-12-25T00:23:22 IST" duration-ms="8019" status="PASS">
          <reporter-output>
          </reporter-output>
        </test-method> <!-- runThisOnJenkins -->
      </class> <!-- cloudsession.TestThisFile -->
    </test> <!-- Test -->
  </suite> <!-- Suite -->
</testng-results>
